<?xml version="1.0" encoding="UTF-8"?>
<!-- Generated by org.testng.reporters.JUnitReportReporter -->
<testsuite skipped="0" hostname="Dummas-MacBook-Pro.local" name="com.testngsessions.LoginPageNegativeTest" tests="4" failures="0" timestamp="22 Jun 2021 18:18:28 GMT" time="6.776" errors="0">
  <testcase name="doLogin" time="1.534" classname="com.testngsessions.LoginPageNegativeTest"/>
  <testcase name="doLogin" time="1.467" classname="com.testngsessions.LoginPageNegativeTest"/>
  <testcase name="doLogin" time="1.410" classname="com.testngsessions.LoginPageNegativeTest"/>
  <testcase name="doLogin" time="2.365" classname="com.testngsessions.LoginPageNegativeTest"/>
</testsuite> <!-- com.testngsessions.LoginPageNegativeTest -->
