<?xml version="1.0" encoding="UTF-8"?>
<!-- Generated by org.testng.reporters.JUnitReportReporter -->
<testsuite skipped="0" hostname="Dummas-MacBook-Pro.local" name="com.testngsessions.LoginPageTest" tests="2" failures="0" timestamp="22 Jun 2021 17:34:14 GMT" time="0.083" errors="0">
  <testcase name="registerLinkTest" time="0.075" classname="com.testngsessions.LoginPageTest"/>
  <testcase name="accountsPageTitleTest" time="0.008" classname="com.testngsessions.LoginPageTest"/>
</testsuite> <!-- com.testngsessions.LoginPageTest -->
