<?xml version="1.0" encoding="UTF-8"?>
<!-- Generated by org.testng.reporters.JUnitReportReporter -->
<testsuite skipped="0" hostname="Dummas-MacBook-Pro.local" name="com.testngsessions.HomePageTest" tests="2" failures="0" timestamp="22 Jun 2021 17:34:14 GMT" time="2.275" errors="0">
  <testcase name="logoutLinkTest" time="0.111" classname="com.testngsessions.HomePageTest"/>
  <testcase name="accountsPageTitleTest" time="2.164" classname="com.testngsessions.HomePageTest"/>
</testsuite> <!-- com.testngsessions.HomePageTest -->
